<?xml version="1.0" encoding="UTF-8"?>
<!-- Generated by org.testng.reporters.JUnitReportReporter -->
<testsuite hostname="ls-office-PC" name="com.daumcorp.ua.report.PageContentMatchTest" tests="1" failures="0" timestamp="28 Mar 2012 10:02:44 GMT" time="0.174" errors="0">
  <testcase name="testExtractProjects" time="0.174" classname="com.daumcorp.ua.report.PageContentMatchTest"/>
</testsuite> <!-- com.daumcorp.ua.report.PageContentMatchTest -->
