<?xml version="1.0" encoding="UTF-8"?>
<!-- Generated by org.testng.reporters.JUnitReportReporter -->
<testsuite hostname="ls-office-PC" name="com.daumcorp.ua.report.ReportMainScalaSpec" tests="2" failures="0" timestamp="2 Mar 2012 01:38:32 GMT" time="0.143" errors="0">
  <testcase name="fileHandle" time="0.001" classname="com.daumcorp.ua.report.ReportMainScalaSpec"/>
  <testcase name="crypt" time="0.142" classname="com.daumcorp.ua.report.ReportMainScalaSpec"/>
</testsuite> <!-- com.daumcorp.ua.report.ReportMainScalaSpec -->
